%!Adobe-FontList 1.20
%Locale:0x415

%BeginFont
Handler:DirectoryHandler
FontType:TrueType
FontName:Apropal-Bold
FamilyName:Apropal
StyleName:Bold
FullName:Apropal Bold
MenuName:Apropal Bold
StyleBits:0
WritingScript:Roman
OutlineFileName:G:\Kohlz5\Folder kz5\Document fonts\Apropal-Bold.ttf
DataFormat:sfntData
hasSVG:no
VariableFontType:NonVariableFont
FileLength:110184
FileModTime:1480256648
WeightClass:400
WidthClass:5
AngleClass:0
NameArray:0,Mac,4,Apropal Bold
NameArray:0,Win,1,Apropal Bold
NameArray:0,Win,16,Apropal
%EndFont

%BeginFont
Handler:DirectoryHandler
FontType:Type1
FontName:MinionPro-Regular
FamilyName:Minion Pro
StyleName:Regular
FullName:Minion Pro
MenuName:Minion Pro
StyleBits:0
WritingScript:Roman
OutlineFileName:G:\Kohlz5\Folder kz5\Document fonts\MinionPro-Regular.otf
DataFormat:sfntData
UsesStandardEncoding:yes
isCFF:yes
hasSVG:no
VariableFontType:NonVariableFont
FileLength:218640
FileModTime:1361528180
WeightClass:400
WidthClass:5
AngleClass:0
DesignSize:110
NameArray:0,Mac,4,Minion Pro
NameArray:0,Win,1,Minion Pro
%EndFont

%BeginFont
Handler:DirectoryHandler
FontType:Type1
FontName:NocturneSerif-Regular
FamilyName:Nocturne Serif
StyleName:Regular
FullName:Nocturne Serif
MenuName:Nocturne Serif
StyleBits:0
WritingScript:Roman
OutlineFileName:G:\Kohlz5\Folder kz5\Document fonts\NocturneSerif-Regular.otf
DataFormat:sfntData
UsesStandardEncoding:yes
isCFF:yes
hasSVG:no
VariableFontType:NonVariableFont
FileLength:65372
FileModTime:1479500144
WeightClass:400
WidthClass:5
AngleClass:0
NameArray:0,Mac,4,Nocturne Serif
NameArray:0,Win,1,Nocturne Serif
%EndFont

%BeginFont
Handler:DirectoryHandler
FontType:TrueType
FontName:ZamolxisI
FamilyName:Zamolxis I
StyleName:Regular
FullName:Zamolxis I
MenuName:Zamolxis I
StyleBits:0
WritingScript:Roman
OutlineFileName:G:\Kohlz5\Folder kz5\Document fonts\Zamolxis-I.ttf
DataFormat:sfntData
hasSVG:no
VariableFontType:NonVariableFont
FileLength:16372
FileModTime:1162822328
WeightClass:400
WidthClass:5
AngleClass:0
NameArray:0,Mac,4,Zamolxis I
NameArray:0,Win,1,Zamolxis I
%EndFont

