%!Adobe-FontList 1.22
%Locale:0x415

%BeginFont
Handler:DirectoryHandler
FontType:Type1
FontName:Apropal-Bold
FamilyName:Apropal
StyleName:Bold
FullName:Apropal Bold
MenuName:Apropal Bold
StyleBits:0
WritingScript:Roman
OutlineFileName:D:\backup\Misza\Misze Archive\Praca\zine\packages\kohlzine20\Document fonts\Apropal-Bold.otf
DataFormat:sfntData
UsesStandardEncoding:yes
isCFF:yes
hasSVG:no
VariableFontType:NonVariableFont
FileLength:39912
FileModTime:1609503228
WeightClass:400
WidthClass:5
AngleClass:0
NameArray:0,Mac,4,Apropal Bold
NameArray:0,Win,1,Apropal Bold
NameArray:0,Win,16,Apropal
%EndFont

%BeginFont
Handler:DirectoryHandler
FontType:TrueType
FontName:NotoSans-Bold
FamilyName:Noto Sans
StyleName:Bold
FullName:Noto Sans Bold
MenuName:Noto Sans
StyleBits:2
WritingScript:Roman
OutlineFileName:D:\backup\Misza\Misze Archive\Praca\zine\packages\kohlzine20\Document fonts\NotoSans-Bold.ttf
DataFormat:sfntData
hasSVG:no
VariableFontType:NonVariableFont
FileLength:398652
FileModTime:1361919600
WeightClass:700
WidthClass:5
AngleClass:0
NameArray:0,Win,1,Noto Sans
%EndFont

%BeginFont
Handler:DirectoryHandler
FontType:TrueType
FontName:NotoSans-BoldItalic
FamilyName:Noto Sans
StyleName:Bold Italic
FullName:Noto Sans Bold Italic
MenuName:Noto Sans
StyleBits:3
WritingScript:Roman
OutlineFileName:D:\backup\Misza\Misze Archive\Praca\zine\packages\kohlzine20\Document fonts\NotoSans-BoldItalic.ttf
DataFormat:sfntData
hasSVG:no
VariableFontType:NonVariableFont
FileLength:285736
FileModTime:1361919600
WeightClass:700
WidthClass:5
AngleClass:1
NameArray:0,Win,1,Noto Sans
%EndFont

%BeginFont
Handler:DirectoryHandler
FontType:TrueType
FontName:NotoSans-Italic
FamilyName:Noto Sans
StyleName:Italic
FullName:Noto Sans Italic
MenuName:Noto Sans
StyleBits:1
WritingScript:Roman
OutlineFileName:D:\backup\Misza\Misze Archive\Praca\zine\packages\kohlzine20\Document fonts\NotoSans-Italic.ttf
DataFormat:sfntData
hasSVG:no
VariableFontType:NonVariableFont
FileLength:274624
FileModTime:1361919600
WeightClass:400
WidthClass:5
AngleClass:1
NameArray:0,Win,1,Noto Sans
%EndFont

%BeginFont
Handler:DirectoryHandler
FontType:TrueType
FontName:NotoSans-Regular
FamilyName:Noto Sans
StyleName:Regular
FullName:Noto Sans Regular
MenuName:Noto Sans
StyleBits:0
WritingScript:Roman
OutlineFileName:D:\backup\Misza\Misze Archive\Praca\zine\packages\kohlzine20\Document fonts\NotoSans-Regular.ttf
DataFormat:sfntData
hasSVG:no
VariableFontType:NonVariableFont
FileLength:455188
FileModTime:1586679010
WeightClass:400
WidthClass:5
AngleClass:0
NameArray:0,Win,1,Noto Sans
%EndFont

%BeginFont
Handler:DirectoryHandler
FontType:TrueType
FontName:NotoSerif-Bold
FamilyName:Noto Serif
StyleName:Bold
FullName:Noto Serif Bold
MenuName:Noto Serif
StyleBits:2
WritingScript:Roman
OutlineFileName:D:\backup\Misza\Misze Archive\Praca\zine\packages\kohlzine20\Document fonts\NotoSerif-Bold.ttf
DataFormat:sfntData
hasSVG:no
VariableFontType:NonVariableFont
FileLength:348704
FileModTime:1573684468
WeightClass:700
WidthClass:5
AngleClass:0
NameArray:0,Win,1,Noto Serif
%EndFont

%BeginFont
Handler:DirectoryHandler
FontType:TrueType
FontName:NotoSerif
FamilyName:Noto Serif
StyleName:Regular
FullName:Noto Serif
MenuName:Noto Serif
StyleBits:0
WritingScript:Roman
OutlineFileName:D:\backup\Misza\Misze Archive\Praca\zine\packages\kohlzine20\Document fonts\NotoSerif-Regular.ttf
DataFormat:sfntData
hasSVG:no
VariableFontType:NonVariableFont
FileLength:330000
FileModTime:1573684468
WeightClass:400
WidthClass:5
AngleClass:0
NameArray:0,Win,1,Noto Serif
%EndFont

%BeginFont
Handler:DirectoryHandler
FontType:TrueType
FontName:NotoSerif-Italic
FamilyName:Noto Serif
StyleName:Italic
FullName:Noto Serif Italic
MenuName:Noto Serif
StyleBits:1
WritingScript:Roman
OutlineFileName:D:\backup\Misza\Misze Archive\Praca\zine\packages\kohlzine20\Document fonts\NotoSerif-RegularItalic.ttf
DataFormat:sfntData
hasSVG:no
VariableFontType:NonVariableFont
FileLength:302904
FileModTime:1573684468
WeightClass:400
WidthClass:5
AngleClass:1
NameArray:0,Win,1,Noto Serif
%EndFont

%BeginFont
Handler:DirectoryHandler
FontType:CID
FontName:NotoSerifCJKjp-SemiBold
FamilyName:Noto Serif CJK JP
StyleName:SemiBold
FullName:Noto Serif CJK JP SemiBold
MenuName:Noto Serif CJK JP SemiBold
StyleBits:0
FamilyNameNative:Noto Serif CJK JP
StyleNameNative:SemiBold
FullNameNative:Noto Serif CJK JP SemiBold
WritingScript:Japanese
OutlineFileName:D:\backup\Misza\Misze Archive\Praca\zine\packages\kohlzine20\Document fonts\NotoSerifCJKjp-SemiBold.otf
DataFormat:sfntData
isCFF:yes
hasSVG:no
VariableFontType:NonVariableFont
FileLength:23888120
FileModTime:1609504196
WeightClass:600
WidthClass:5
AngleClass:0
NameArray:0,Win,1,Noto Serif CJK JP SemiBold
NameArray:0,Win,16,Noto Serif CJK JP
NameArray:1,Win,1,Noto Serif CJK JP SemiBold
NameArray:1,Win,16,Noto Serif CJK JP
%EndFont

