%!Adobe-FontList 1.20
%Locale:0x415

%BeginFont
Handler:DirectoryHandler
FontType:TrueType
FontName:Apropal-Bold
FamilyName:Apropal
StyleName:Bold
FullName:Apropal Bold
MenuName:Apropal Bold
StyleBits:0
WritingScript:Roman
OutlineFileName:C:\Users\Anon\Dropbox\zine\packages\Folder kohlzine17\Document fonts\Apropal-Bold_0.ttf
DataFormat:sfntData
hasSVG:no
VariableFontType:NonVariableFont
FileLength:110184
FileModTime:1558699620
WeightClass:400
WidthClass:5
AngleClass:0
NameArray:0,Mac,4,Apropal Bold
NameArray:0,Win,1,Apropal Bold
NameArray:0,Win,16,Apropal
%EndFont

%BeginFont
Handler:DirectoryHandler
FontType:Type1
FontName:MinionPro-Regular
FamilyName:Minion Pro
StyleName:Regular
FullName:Minion Pro
MenuName:Minion Pro
StyleBits:0
WritingScript:Roman
OutlineFileName:C:\Users\Anon\Dropbox\zine\packages\Folder kohlzine17\Document fonts\MinionPro-Regular.otf
DataFormat:sfntData
UsesStandardEncoding:yes
isCFF:yes
hasSVG:no
VariableFontType:NonVariableFont
FileLength:218640
FileModTime:1361531780
WeightClass:400
WidthClass:5
AngleClass:0
DesignSize:110
NameArray:0,Mac,4,Minion Pro
NameArray:0,Win,1,Minion Pro
%EndFont

%BeginFont
Handler:DirectoryHandler
FontType:TrueType
FontName:NotoSans-BoldItalic
FamilyName:Noto Sans
StyleName:Bold Italic
FullName:Noto Sans Bold Italic
MenuName:Noto Sans
StyleBits:3
WritingScript:Roman
OutlineFileName:C:\Users\Anon\Dropbox\zine\packages\Folder kohlzine17\Document fonts\NotoSans-BoldItalic.ttf
DataFormat:sfntData
hasSVG:no
VariableFontType:NonVariableFont
FileLength:471004
FileModTime:1586682609
WeightClass:700
WidthClass:5
AngleClass:0
NameArray:0,Win,1,Noto Sans
%EndFont

%BeginFont
Handler:DirectoryHandler
FontType:TrueType
FontName:NotoSerif-Bold
FamilyName:Noto Serif
StyleName:Bold
FullName:Noto Serif Bold
MenuName:Noto Serif
StyleBits:2
WritingScript:Roman
OutlineFileName:C:\Users\Anon\Dropbox\zine\packages\Folder kohlzine17\Document fonts\NotoSerif-Bold_0.ttf
DataFormat:sfntData
hasSVG:no
VariableFontType:NonVariableFont
FileLength:348704
FileModTime:1586682556
WeightClass:700
WidthClass:5
AngleClass:0
NameArray:0,Win,1,Noto Serif
%EndFont

%BeginFont
Handler:DirectoryHandler
FontType:TrueType
FontName:NotoSerif
FamilyName:Noto Serif
StyleName:Regular
FullName:Noto Serif
MenuName:Noto Serif
StyleBits:0
WritingScript:Roman
OutlineFileName:C:\Users\Anon\Dropbox\zine\packages\Folder kohlzine17\Document fonts\NotoSerif-Regular_0.ttf
DataFormat:sfntData
hasSVG:no
VariableFontType:NonVariableFont
FileLength:330000
FileModTime:1586682556
WeightClass:400
WidthClass:5
AngleClass:0
NameArray:0,Win,1,Noto Serif
%EndFont

%BeginFont
Handler:DirectoryHandler
FontType:TrueType
FontName:NotoSerifSlovborgian-Regular
FamilyName:Noto Serif Slovborgian
StyleName:Regular
FullName:Noto Serif Slovborgian Regular
MenuName:Noto Serif Slovborgian
StyleBits:0
WritingScript:Roman
OutlineFileName:C:\Users\Anon\Dropbox\zine\packages\Folder kohlzine17\Document fonts\NotoSerifSlovborgian-Regular_0.ttf
DataFormat:sfntData
hasSVG:no
VariableFontType:NonVariableFont
FileLength:576688
FileModTime:1572259601
WeightClass:400
WidthClass:5
AngleClass:0
NameArray:0,Mac,4,Noto Serif Slovborgian Regular
NameArray:0,Win,1,Noto Serif Slovborgian
%EndFont

