%!Adobe-FontList 1.14
%Locale:0x409

%BeginFont
Handler:DirectoryHandler
FontType:Type1
FontName:MinionPro-Regular
FamilyName:Minion Pro
StyleName:Regular
FullName:Minion Pro
MenuName:Minion Pro
StyleBits:0
WritingScript:Roman
OutlineFileName:C:\Users\Misza\Dropbox\zine Folder\kohlzine 3\Pakiet3\Document fonts\MinionPro-Regular.otf
DataFormat:sfntData
UsesStandardEncoding:yes
isCFF:yes
FileLength:218640
FileModTime:1361528180
WeightClass:400
WidthClass:5
AngleClass:0
DesignSize:110
%EndFont

%BeginFont
Handler:DirectoryHandler
FontType:Type1
FontName:NocturneSerif-Regular
FamilyName:Nocturne Serif
StyleName:Regular
FullName:Nocturne Serif
MenuName:Nocturne Serif
StyleBits:0
WritingScript:Roman
OutlineFileName:C:\Users\Misza\Dropbox\zine Folder\kohlzine 3\Pakiet3\Document fonts\NocturneSerif-Regular.otf
DataFormat:sfntData
UsesStandardEncoding:yes
isCFF:yes
FileLength:65372
FileModTime:1479500142
WeightClass:400
WidthClass:5
AngleClass:0
%EndFont

%BeginFont
Handler:DirectoryHandler
FontType:Type1
FontName:Stigmate-Regular
FamilyName:Stigmate
StyleName:Regular
FullName:Stigmate Regular
MenuName:Stigmate
StyleBits:0
WritingScript:Roman
OutlineFileName:C:\Users\Misza\Dropbox\zine Folder\kohlzine 3\Pakiet3\Document fonts\Stigmate-Regular.otf
DataFormat:sfntData
UsesStandardEncoding:yes
isCFF:yes
FileLength:20788
FileModTime:1547918215
WeightClass:300
WidthClass:5
AngleClass:0
%EndFont

%BeginFont
Handler:DirectoryHandler
FontType:TrueType
FontName:TimesNewRomanPSMT
FamilyName:Times New Roman
StyleName:Regular
FullName:Times New Roman
MenuName:Times New Roman
StyleBits:0
WritingScript:Roman
OutlineFileName:C:\Users\Misza\Dropbox\zine Folder\kohlzine 3\Pakiet3\Document fonts\times.ttf
DataFormat:sfntData
FileLength:836020
FileModTime:1400479905
WeightClass:400
WidthClass:5
AngleClass:0
%EndFont

%BeginFont
Handler:DirectoryHandler
FontType:TrueType
FontName:TimesNewRomanPS-ItalicMT
FamilyName:Times New Roman
StyleName:Italic
FullName:Times New Roman Italic
MenuName:Times New Roman
StyleBits:1
WritingScript:Roman
OutlineFileName:C:\Users\Misza\Dropbox\zine Folder\kohlzine 3\Pakiet3\Document fonts\timesi.ttf
DataFormat:sfntData
FileLength:662844
FileModTime:1400479905
WeightClass:400
WidthClass:5
AngleClass:1
%EndFont

%BeginFont
Handler:DirectoryHandler
FontType:TrueType
FontName:ZamolxisVI
FamilyName:Zamolxis VI
StyleName:Regular
FullName:Zamolxis VI
MenuName:Zamolxis VI
StyleBits:0
WritingScript:Roman
OutlineFileName:C:\Users\Misza\Dropbox\zine Folder\kohlzine 3\Pakiet3\Document fonts\Zamolxis-VI.ttf
DataFormat:sfntData
FileLength:17424
FileModTime:1546270013
WeightClass:400
WidthClass:5
AngleClass:0
%EndFont

