%!Adobe-FontList 1.20
%Locale:0x415

%BeginFont
Handler:DirectoryHandler
FontType:Type1
FontName:MinionPro-Regular
FamilyName:Minion Pro
StyleName:Regular
FullName:Minion Pro
MenuName:Minion Pro
StyleBits:0
WritingScript:Roman
OutlineFileName:C:\Users\Anon\Dropbox\zine Folder\kohlzine 3\Pakiet3\Folder kohlzine2-1\Document fonts\MinionPro-Regular.otf
DataFormat:sfntData
UsesStandardEncoding:yes
isCFF:yes
hasSVG:no
VariableFontType:NonVariableFont
FileLength:218640
FileModTime:1361528180
WeightClass:400
WidthClass:5
AngleClass:0
DesignSize:110
NameArray:0,Mac,4,Minion Pro
NameArray:0,Win,1,Minion Pro
%EndFont

%BeginFont
Handler:DirectoryHandler
FontType:Type1
FontName:NocturneSerif-Regular
FamilyName:Nocturne Serif
StyleName:Regular
FullName:Nocturne Serif
MenuName:Nocturne Serif
StyleBits:0
WritingScript:Roman
OutlineFileName:C:\Users\Anon\Dropbox\zine Folder\kohlzine 3\Pakiet3\Folder kohlzine2-1\Document fonts\NocturneSerif-Regular.otf
DataFormat:sfntData
UsesStandardEncoding:yes
isCFF:yes
hasSVG:no
VariableFontType:NonVariableFont
FileLength:65372
FileModTime:1479500142
WeightClass:400
WidthClass:5
AngleClass:0
NameArray:0,Mac,4,Nocturne Serif
NameArray:0,Win,1,Nocturne Serif
%EndFont

%BeginFont
Handler:DirectoryHandler
FontType:Type1
FontName:Stigmate-Regular
FamilyName:Stigmate
StyleName:Regular
FullName:Stigmate Regular
MenuName:Stigmate
StyleBits:0
WritingScript:Roman
OutlineFileName:C:\Users\Anon\Dropbox\zine Folder\kohlzine 3\Pakiet3\Folder kohlzine2-1\Document fonts\Stigmate-Regular.otf
DataFormat:sfntData
UsesStandardEncoding:yes
isCFF:yes
hasSVG:no
VariableFontType:NonVariableFont
FileLength:20788
FileModTime:1547918215
WeightClass:300
WidthClass:5
AngleClass:0
NameArray:0,Mac,4,Stigmate Regular
NameArray:0,Win,1,Stigmate
%EndFont

%BeginFont
Handler:DirectoryHandler
FontType:TrueType
FontName:TimesNewRomanPSMT
FamilyName:Times New Roman
StyleName:Regular
FullName:Times New Roman
MenuName:Times New Roman
StyleBits:0
WritingScript:Roman
OutlineFileName:C:\Users\Anon\Dropbox\zine Folder\kohlzine 3\Pakiet3\Folder kohlzine2-1\Document fonts\times.ttf
DataFormat:sfntData
hasSVG:no
VariableFontType:NonVariableFont
FileLength:836020
FileModTime:1400479905
WeightClass:400
WidthClass:5
AngleClass:0
NameArray:0,Mac,4,Times New Roman
NameArray:0,Win,1,Times New Roman
%EndFont

%BeginFont
Handler:DirectoryHandler
FontType:TrueType
FontName:TimesNewRomanPS-ItalicMT
FamilyName:Times New Roman
StyleName:Italic
FullName:Times New Roman Italic
MenuName:Times New Roman
StyleBits:1
WritingScript:Roman
OutlineFileName:C:\Users\Anon\Dropbox\zine Folder\kohlzine 3\Pakiet3\Folder kohlzine2-1\Document fonts\timesi.ttf
DataFormat:sfntData
hasSVG:no
VariableFontType:NonVariableFont
FileLength:662844
FileModTime:1400479905
WeightClass:400
WidthClass:5
AngleClass:1
NameArray:0,Mac,4,Times New Roman Italic
NameArray:0,Win,1,Times New Roman
%EndFont

