%!Adobe-FontList 1.20
%Locale:0x415

%BeginFont
Handler:DirectoryHandler
FontType:Type1
FontName:MinionPro-Regular
FamilyName:Minion Pro
StyleName:Regular
FullName:Minion Pro
MenuName:Minion Pro
StyleBits:0
WritingScript:Roman
OutlineFileName:C:\Users\Anon\Dropbox\zine Folder\kohlzine 2\Folder kohlzine2-1\Document fonts\MinionPro-Regular.otf
DataFormat:sfntData
UsesStandardEncoding:yes
isCFF:yes
hasSVG:no
VariableFontType:NonVariableFont
FileLength:218640
FileModTime:1361524580
WeightClass:400
WidthClass:5
AngleClass:0
DesignSize:110
NameArray:0,Mac,4,Minion Pro
NameArray:0,Win,1,Minion Pro
%EndFont

%BeginFont
Handler:DirectoryHandler
FontType:Type1
FontName:NocturneSerif-Regular
FamilyName:Nocturne Serif
StyleName:Regular
FullName:Nocturne Serif
MenuName:Nocturne Serif
StyleBits:0
WritingScript:Roman
OutlineFileName:C:\Users\Anon\Dropbox\zine Folder\kohlzine 2\Folder kohlzine2-1\Document fonts\NocturneSerif-Regular.otf
DataFormat:sfntData
UsesStandardEncoding:yes
isCFF:yes
hasSVG:no
VariableFontType:NonVariableFont
FileLength:65372
FileModTime:1479500142
WeightClass:400
WidthClass:5
AngleClass:0
NameArray:0,Mac,4,Nocturne Serif
NameArray:0,Win,1,Nocturne Serif
%EndFont

%BeginFont
Handler:DirectoryHandler
FontType:Type1
FontName:TelerysmMono2-Regular
FamilyName:Telerysm Mono 2
StyleName:Regular
FullName:Telerysm Mono 2 Regular
MenuName:Telerysm Mono 2
StyleBits:0
WritingScript:Roman
OutlineFileName:C:\Users\Anon\Dropbox\zine Folder\kohlzine 2\Folder kohlzine2-1\Document fonts\TelerysmMono2-Regular.otf
DataFormat:sfntData
UsesStandardEncoding:yes
isCFF:yes
hasSVG:no
VariableFontType:NonVariableFont
FileLength:25544
FileModTime:1543869184
WeightClass:700
WidthClass:5
AngleClass:0
NameArray:0,Mac,4,Telerysm Mono 2 Regular
NameArray:0,Win,1,Telerysm Mono 2
%EndFont

%BeginFont
Handler:DirectoryHandler
FontType:TrueType
FontName:ZamolxisVI
FamilyName:Zamolxis VI
StyleName:Regular
FullName:Zamolxis VI
MenuName:Zamolxis VI
StyleBits:0
WritingScript:Roman
OutlineFileName:C:\Users\Anon\Dropbox\zine Folder\kohlzine 2\Folder kohlzine2-1\Document fonts\Zamolxis-VI.ttf
DataFormat:sfntData
hasSVG:no
VariableFontType:NonVariableFont
FileLength:17424
FileModTime:1546270013
WeightClass:400
WidthClass:5
AngleClass:0
NameArray:0,Mac,4,Zamolxis VI
NameArray:0,Win,1,Zamolxis VI
%EndFont

