%!Adobe-FontList 1.14
%Locale:0x409

%BeginFont
Handler:DirectoryHandler
FontType:Type1
FontName:MinionPro-Regular
FamilyName:Minion Pro
StyleName:Regular
FullName:Minion Pro
MenuName:Minion Pro
StyleBits:0
WritingScript:Roman
OutlineFileName:C:\Users\Misza\Dropbox\zine Folder\kohlzine 2\Folder kohlzine2-1\Document fonts\MinionPro-Regular.otf
DataFormat:sfntData
UsesStandardEncoding:yes
isCFF:yes
FileLength:218640
FileModTime:1361524580
WeightClass:400
WidthClass:5
AngleClass:0
DesignSize:110
%EndFont

%BeginFont
Handler:DirectoryHandler
FontType:Type1
FontName:NocturneSerif-Regular
FamilyName:Nocturne Serif
StyleName:Regular
FullName:Nocturne Serif
MenuName:Nocturne Serif
StyleBits:0
WritingScript:Roman
OutlineFileName:C:\Users\Misza\Dropbox\zine Folder\kohlzine 2\Folder kohlzine2-1\Document fonts\NocturneSerif-Regular.otf
DataFormat:sfntData
UsesStandardEncoding:yes
isCFF:yes
FileLength:65372
FileModTime:1479500142
WeightClass:400
WidthClass:5
AngleClass:0
%EndFont

%BeginFont
Handler:DirectoryHandler
FontType:Type1
FontName:TelerysmMono2-Regular
FamilyName:Telerysm Mono 2
StyleName:Regular
FullName:Telerysm Mono 2 Regular
MenuName:Telerysm Mono 2
StyleBits:0
WritingScript:Roman
OutlineFileName:C:\Users\Misza\Dropbox\zine Folder\kohlzine 2\Folder kohlzine2-1\Document fonts\TelerysmMono2-Regular.otf
DataFormat:sfntData
UsesStandardEncoding:yes
isCFF:yes
FileLength:25544
FileModTime:1543869184
WeightClass:700
WidthClass:5
AngleClass:0
%EndFont

%BeginFont
Handler:DirectoryHandler
FontType:TrueType
FontName:ZamolxisVI
FamilyName:Zamolxis VI
StyleName:Regular
FullName:Zamolxis VI
MenuName:Zamolxis VI
StyleBits:0
WritingScript:Roman
OutlineFileName:C:\Users\Misza\Dropbox\zine Folder\kohlzine 2\Folder kohlzine2-1\Document fonts\Zamolxis-VI.ttf
DataFormat:sfntData
FileLength:17424
FileModTime:1546270013
WeightClass:400
WidthClass:5
AngleClass:0
%EndFont

